<?xml version="1.0" encoding="UTF-8"?>
<!-- Generated by org.testng.reporters.JUnitXMLReporter -->
<testsuite ignored="0" hostname="LAPTOP-RNF7R3U9" failures="1" tests="1" name="Test2" time="9.944" errors="0" timestamp="2021-03-06T17:30:10 EST">
  <testcase classname="test1.Test2" name="assertTitle" time="0.016">
    <failure type="java.lang.AssertionError" message="expected [Tool] but found [ToolsQA]">
      <![CDATA[java.lang.AssertionError: expected [Tool] but found [ToolsQA]
at test1.Test2.assertTitle(Test2.java:32)
at java.base/java.util.ArrayList.forEach(ArrayList.java:1511)
at java.base/java.util.concurrent.FutureTask.run(FutureTask.java:264)
at java.base/java.util.concurrent.ThreadPoolExecutor.runWorker(ThreadPoolExecutor.java:1130)
at java.base/java.util.concurrent.ThreadPoolExecutor$Worker.run(ThreadPoolExecutor.java:630)
at java.base/java.lang.Thread.run(Thread.java:832)
... Removed 24 stack frames]]>
    </failure>
  </testcase> <!-- assertTitle -->
</testsuite> <!-- Test2 -->
