<?xml version="1.0" encoding="UTF-8"?>
<!-- Generated by org.testng.reporters.JUnitXMLReporter -->
<testsuite ignored="0" hostname="LAPTOP-RNF7R3U9" failures="1" tests="3" name="Command line test" time="29.562" errors="0" timestamp="2021-03-04T20:30:07 EST">
  <testcase classname="test1.Test1" name="test1" time="5.199"/>
  <testcase classname="test1.Test1" name="test1" time="5.129"/>
  <testcase classname="test1.Test2" name="assertTitle" time="0.014">
    <failure type="java.lang.AssertionError" message="expected [Tool] but found [ToolsQA]">
      <![CDATA[java.lang.AssertionError: expected [Tool] but found [ToolsQA]
at test1.Test2.assertTitle(Test2.java:32)
at java.base/java.util.ArrayList.forEach(ArrayList.java:1378)
... Removed 43 stack frames]]>
    </failure>
  </testcase> <!-- assertTitle -->
</testsuite> <!-- Command line test -->
