-------------------------------------------------------------------------------
Test set: TestSuite
-------------------------------------------------------------------------------
Tests run: 3, Failures: 1, Errors: 0, Skipped: 0, Time elapsed: 78.579 s <<< FAILURE! - in TestSuite
test1.Test2.assertTitle  Time elapsed: 0.039 s  <<< FAILURE!
java.lang.AssertionError: expected [Tool] but found [ToolsQA]
	at test1.Test2.assertTitle(Test2.java:32)

