<?xml version="1.0" encoding="UTF-8"?>
<testsuite xmlns:xsi="http://www.w3.org/2001/XMLSchema-instance" xsi:noNamespaceSchemaLocation="https://maven.apache.org/surefire/maven-surefire-plugin/xsd/surefire-test-report-3.0.xsd" version="3.0" name="TestSuite" time="78.579" tests="3" errors="0" skipped="0" failures="1">
  <properties>
[...]
</properties>
  <testcase name="assertTitle" classname="test1.Test2" time="0.039">
    <failure message="expected [Tool] but found [ToolsQA]" type="java.lang.AssertionError"><![CDATA[java.lang.AssertionError: expected [Tool] but found [ToolsQA]
	at test1.Test2.assertTitle(Test2.java:32)
]]></failure>
    <system-err><![CDATA[Starting ChromeDriver 2.41.578737 (49da6702b16031c40d63e5618de03a32ff6c197e) on port 34355
Only local connections are allowed.
Starting ChromeDriver 2.41.578737 (49da6702b16031c40d63e5618de03a32ff6c197e) on port 34754
Only local connections are allowed.
[1615074213.050][WARNING]: Timed out connecting to Chrome, retrying...
[1615074213.114][WARNING]: Timed out connecting to Chrome, retrying...
Mar 06, 2021 6:43:35 PM org.openqa.selenium.remote.ProtocolHandshake createSession
INFO: Detected dialect: OSS
Mar 06, 2021 6:43:35 PM org.openqa.selenium.remote.ProtocolHandshake createSession
INFO: Detected dialect: OSS
]]></system-err>
  </testcase>
  <testcase name="test1[Harry, Kane](1)" classname="test1.Test1" time="0.551">
    <system-out><![CDATA[18:43:38.540 [TestNG-tests-1] DEBUG test1.Test1 - Entering information
]]></system-out>
  </testcase>
  <testcase name="test1[Kumar, Malar](2)" classname="test1.Test1" time="0.125">
    <system-out><![CDATA[18:43:38.789 [TestNG-tests-1] DEBUG test1.Test1 - Entering information
]]></system-out>
  </testcase>
</testsuite>